----------------------------------------------------------------
Wed Nov 17 18:56:20 UTC 2021:
Booting Derby version The Apache Software Foundation - Apache Derby - 10.15.2.0 - (1873585): instance a816c00e-017d-2f41-c8ca-000007509b80 
on database directory D:\Programming\JAVA apps\Gambling\Gambling_DataSource_Embedded with class loader jdk.internal.loader.ClassLoaders$AppClassLoader@69663380 
Loaded from file:/C:/Users/kimme/AppData/Roaming/JetBrains/IntelliJIdea2021.2/jdbc-drivers/Apache%20Derby/10.15.2.0/derby-10.15.2.0.jar
java.vendor=JetBrains s.r.o.
java.runtime.version=11.0.11+9-b1504.16
user.dir=D:\Programming\JAVA apps\Gambling
os.name=Windows 10
os.arch=amd64
os.version=10.0
derby.system.home=null
Database Class Loader started - derby.database.class----------------------------------------------------------------
Wed Nov 17 18:56:27 UTC 2021:
Booting Derby version The Apache Software Foundation - Apache Derby - 10.15.2.0 - (1873585): instance 9c3e00f1-017d-2f40-90df-0000075046f8 
on database directory D:\Programming\JAVA apps\Gambling\Gambling_DataSource_Embedded with class loader jdk.internal.loader.ClassLoaders$AppClassLoader@69663380 
Loaded from file:/C:/Users/kimme/AppData/Roaming/JetBrains/IntelliJIdea2021.2/jdbc-drivers/Apache%20Derby/10.15.2.0/derby-10.15.2.0.jar
java.vendor=JetBrains s.r.o.
java.runtime.version=11.0.11+9-b1504.16
user.dir=D:\Programming\JAVA apps\Gambling
os.name=Windows 10
os.arch=amd64
os.version=10.0
derby.system.home=null
Database Class Loader started - derby.database.classpath=''
